[1204/021130.977:INFO:CONSOLE(1)] "Long rAF frame-time", source: file:///C:/Program%20Files/Adobe/Adobe%20Photoshop%202020/Required/www-rich-tooltips/build/external.js (1)
[1204/021131.116:ERROR:mf_helpers.cc(14)] Error in dxva_video_decode_accelerator_win.cc on line 1612
[1204/021131.116:ERROR:mf_helpers.cc(14)] Error in dxva_video_decode_accelerator_win.cc on line 842
[1204/021131.142:WARNING:angle_platform_impl.cc(52)] compileToBinary(230): 
C:\fakepath(69,8-58): warning X3571: pow(f, e) will not work for negative f, use abs(f) or conditionally handle negative values if you expect them
C:\fakepath(77,9-43): warning X3571: pow(f, e) will not work for negative f, use abs(f) or conditionally handle negative values if you expect them

[1209/041422.587:INFO:CONSOLE(1)] "Long rAF frame-time", source: file:///C:/Program%20Files/Adobe/Adobe%20Photoshop%202020/Required/www-rich-tooltips/build/external.js (1)
[1209/065533.829:WARNING:dns_config_service_win.cc(668)] Failed to read DnsConfig.
[1209/065538.835:WARNING:dns_config_service_win.cc(668)] Failed to read DnsConfig.
[1209/065543.851:WARNING:dns_config_service_win.cc(668)] Failed to read DnsConfig.
[1209/065548.866:WARNING:dns_config_service_win.cc(668)] Failed to read DnsConfig.
[1209/065553.877:WARNING:dns_config_service_win.cc(668)] Failed to read DnsConfig.
[1209/065558.896:WARNING:dns_config_service_win.cc(668)] Failed to read DnsConfig.
[1209/065603.912:WARNING:dns_config_service_win.cc(668)] Failed to read DnsConfig.
[1209/065608.927:WARNING:dns_config_service_win.cc(668)] Failed to read DnsConfig.
[1209/065613.949:WARNING:dns_config_service_win.cc(668)] Failed to read DnsConfig.
[1209/065618.961:WARNING:dns_config_service_win.cc(668)] Failed to read DnsConfig.
[1209/065623.976:WARNING:dns_config_service_win.cc(668)] Failed to read DnsConfig.
[1209/065628.991:WARNING:dns_config_service_win.cc(668)] Failed to read DnsConfig.
[1209/065634.008:WARNING:dns_config_service_win.cc(668)] Failed to read DnsConfig.
[1209/065639.025:WARNING:dns_config_service_win.cc(668)] Failed to read DnsConfig.
[1209/065644.045:WARNING:dns_config_service_win.cc(668)] Failed to read DnsConfig.
[1209/065645.834:WARNING:dns_config_service_win.cc(668)] Failed to read DnsConfig.
[1209/090929.687:INFO:CONSOLE(1)] "Long rAF frame-time", source: file:///C:/Program%20Files/Adobe/Adobe%20Photoshop%202020/Required/www-rich-tooltips/build/external.js (1)
[1209/105229.482:WARNING:dns_config_service_win.cc(668)] Failed to read DnsConfig.
[1209/105229.510:WARNING:dns_config_service_win.cc(668)] Failed to read DnsConfig.
[1209/105234.497:WARNING:dns_config_service_win.cc(668)] Failed to read DnsConfig.
[1209/105234.513:WARNING:dns_config_service_win.cc(668)] Failed to read DnsConfig.
[1209/105239.517:WARNING:dns_config_service_win.cc(668)] Failed to read DnsConfig.
[1209/105239.521:WARNING:dns_config_service_win.cc(668)] Failed to read DnsConfig.
[1209/105244.520:WARNING:dns_config_service_win.cc(668)] Failed to read DnsConfig.
[1209/105244.520:WARNING:dns_config_service_win.cc(668)] Failed to read DnsConfig.
[1209/105249.529:WARNING:dns_config_service_win.cc(668)] Failed to read DnsConfig.
[1209/105254.548:WARNING:dns_config_service_win.cc(668)] Failed to read DnsConfig.
[1209/105259.556:WARNING:dns_config_service_win.cc(668)] Failed to read DnsConfig.
[1209/105304.570:WARNING:dns_config_service_win.cc(668)] Failed to read DnsConfig.
[1209/105309.594:WARNING:dns_config_service_win.cc(668)] Failed to read DnsConfig.
[1209/105314.612:WARNING:dns_config_service_win.cc(668)] Failed to read DnsConfig.
[1209/105319.621:WARNING:dns_config_service_win.cc(668)] Failed to read DnsConfig.
[1209/105324.630:WARNING:dns_config_service_win.cc(668)] Failed to read DnsConfig.
[1209/105329.641:WARNING:dns_config_service_win.cc(668)] Failed to read DnsConfig.
[1209/105334.661:WARNING:dns_config_service_win.cc(668)] Failed to read DnsConfig.
[1209/105339.679:WARNING:dns_config_service_win.cc(668)] Failed to read DnsConfig.
[1209/105344.683:WARNING:dns_config_service_win.cc(668)] Failed to read DnsConfig.
[1209/105349.702:WARNING:dns_config_service_win.cc(668)] Failed to read DnsConfig.
[1209/105354.716:WARNING:dns_config_service_win.cc(668)] Failed to read DnsConfig.
[1209/105359.724:WARNING:dns_config_service_win.cc(668)] Failed to read DnsConfig.
[1209/105404.743:WARNING:dns_config_service_win.cc(668)] Failed to read DnsConfig.
[1209/105409.757:WARNING:dns_config_service_win.cc(668)] Failed to read DnsConfig.
[1209/105414.774:WARNING:dns_config_service_win.cc(668)] Failed to read DnsConfig.
[1209/105419.793:WARNING:dns_config_service_win.cc(668)] Failed to read DnsConfig.
[1209/105424.809:WARNING:dns_config_service_win.cc(668)] Failed to read DnsConfig.
[1209/105429.821:WARNING:dns_config_service_win.cc(668)] Failed to read DnsConfig.
[1209/105434.826:WARNING:dns_config_service_win.cc(668)] Failed to read DnsConfig.
[1209/105439.843:WARNING:dns_config_service_win.cc(668)] Failed to read DnsConfig.
[1209/105444.856:WARNING:dns_config_service_win.cc(668)] Failed to read DnsConfig.
[1209/105449.875:WARNING:dns_config_service_win.cc(668)] Failed to read DnsConfig.
[1209/105454.879:WARNING:dns_config_service_win.cc(668)] Failed to read DnsConfig.
[1209/105459.899:WARNING:dns_config_service_win.cc(668)] Failed to read DnsConfig.
[1209/105504.916:WARNING:dns_config_service_win.cc(668)] Failed to read DnsConfig.
[1209/105509.929:WARNING:dns_config_service_win.cc(668)] Failed to read DnsConfig.
[1209/105514.935:WARNING:dns_config_service_win.cc(668)] Failed to read DnsConfig.
[1209/105519.940:WARNING:dns_config_service_win.cc(668)] Failed to read DnsConfig.
[1209/105524.942:WARNING:dns_config_service_win.cc(668)] Failed to read DnsConfig.
[1209/105529.958:WARNING:dns_config_service_win.cc(668)] Failed to read DnsConfig.
[1209/105534.976:WARNING:dns_config_service_win.cc(668)] Failed to read DnsConfig.
[1209/105539.985:WARNING:dns_config_service_win.cc(668)] Failed to read DnsConfig.
[1209/105544.994:WARNING:dns_config_service_win.cc(668)] Failed to read DnsConfig.
[1209/105550.006:WARNING:dns_config_service_win.cc(668)] Failed to read DnsConfig.
[1209/105555.026:WARNING:dns_config_service_win.cc(668)] Failed to read DnsConfig.
[1209/105600.031:WARNING:dns_config_service_win.cc(668)] Failed to read DnsConfig.
[1209/105605.042:WARNING:dns_config_service_win.cc(668)] Failed to read DnsConfig.
[1209/105610.064:WARNING:dns_config_service_win.cc(668)] Failed to read DnsConfig.
[1209/105615.095:WARNING:dns_config_service_win.cc(668)] Failed to read DnsConfig.
[1209/105620.107:WARNING:dns_config_service_win.cc(668)] Failed to read DnsConfig.
[1209/105625.124:WARNING:dns_config_service_win.cc(668)] Failed to read DnsConfig.
[1209/105630.129:WARNING:dns_config_service_win.cc(668)] Failed to read DnsConfig.
[1209/105635.136:WARNING:dns_config_service_win.cc(668)] Failed to read DnsConfig.
[1209/105640.157:WARNING:dns_config_service_win.cc(668)] Failed to read DnsConfig.
[1209/105645.163:WARNING:dns_config_service_win.cc(668)] Failed to read DnsConfig.
[1209/105650.172:WARNING:dns_config_service_win.cc(668)] Failed to read DnsConfig.
[1209/105655.179:WARNING:dns_config_service_win.cc(668)] Failed to read DnsConfig.
[1209/105700.193:WARNING:dns_config_service_win.cc(668)] Failed to read DnsConfig.
[1209/105705.203:WARNING:dns_config_service_win.cc(668)] Failed to read DnsConfig.
[1209/105710.212:WARNING:dns_config_service_win.cc(668)] Failed to read DnsConfig.
[1209/105715.232:WARNING:dns_config_service_win.cc(668)] Failed to read DnsConfig.
[1209/105720.238:WARNING:dns_config_service_win.cc(668)] Failed to read DnsConfig.
[1209/105725.252:WARNING:dns_config_service_win.cc(668)] Failed to read DnsConfig.
[1209/105730.275:WARNING:dns_config_service_win.cc(668)] Failed to read DnsConfig.
[1209/105735.278:WARNING:dns_config_service_win.cc(668)] Failed to read DnsConfig.
[1209/105740.290:WARNING:dns_config_service_win.cc(668)] Failed to read DnsConfig.
[1209/105745.308:WARNING:dns_config_service_win.cc(668)] Failed to read DnsConfig.
[1209/105750.325:WARNING:dns_config_service_win.cc(668)] Failed to read DnsConfig.
[1209/105755.325:WARNING:dns_config_service_win.cc(668)] Failed to read DnsConfig.
[1209/105800.342:WARNING:dns_config_service_win.cc(668)] Failed to read DnsConfig.
[1209/105805.354:WARNING:dns_config_service_win.cc(668)] Failed to read DnsConfig.
[1209/105810.360:WARNING:dns_config_service_win.cc(668)] Failed to read DnsConfig.
[1209/105815.366:WARNING:dns_config_service_win.cc(668)] Failed to read DnsConfig.
[1209/105820.385:WARNING:dns_config_service_win.cc(668)] Failed to read DnsConfig.
[1209/105825.390:WARNING:dns_config_service_win.cc(668)] Failed to read DnsConfig.
[1209/105830.395:WARNING:dns_config_service_win.cc(668)] Failed to read DnsConfig.
[1209/105835.409:WARNING:dns_config_service_win.cc(668)] Failed to read DnsConfig.
[1209/105840.418:WARNING:dns_config_service_win.cc(668)] Failed to read DnsConfig.
[1209/105845.431:WARNING:dns_config_service_win.cc(668)] Failed to read DnsConfig.
[1209/105850.449:WARNING:dns_config_service_win.cc(668)] Failed to read DnsConfig.
[1209/105855.464:WARNING:dns_config_service_win.cc(668)] Failed to read DnsConfig.
[1209/105900.471:WARNING:dns_config_service_win.cc(668)] Failed to read DnsConfig.
[1209/105905.481:WARNING:dns_config_service_win.cc(668)] Failed to read DnsConfig.
[1209/105910.486:WARNING:dns_config_service_win.cc(668)] Failed to read DnsConfig.
[1209/105915.503:WARNING:dns_config_service_win.cc(668)] Failed to read DnsConfig.
[1209/105920.520:WARNING:dns_config_service_win.cc(668)] Failed to read DnsConfig.
[1209/105925.530:WARNING:dns_config_service_win.cc(668)] Failed to read DnsConfig.
[1209/105930.550:WARNING:dns_config_service_win.cc(668)] Failed to read DnsConfig.
[1209/105935.552:WARNING:dns_config_service_win.cc(668)] Failed to read DnsConfig.
[1209/105940.559:WARNING:dns_config_service_win.cc(668)] Failed to read DnsConfig.
[1209/105945.568:WARNING:dns_config_service_win.cc(668)] Failed to read DnsConfig.
[1209/105950.600:WARNING:dns_config_service_win.cc(668)] Failed to read DnsConfig.
[1209/105955.612:WARNING:dns_config_service_win.cc(668)] Failed to read DnsConfig.
[1209/110000.634:WARNING:dns_config_service_win.cc(668)] Failed to read DnsConfig.
[1209/110005.651:WARNING:dns_config_service_win.cc(668)] Failed to read DnsConfig.
[1209/110010.656:WARNING:dns_config_service_win.cc(668)] Failed to read DnsConfig.
[1209/110015.666:WARNING:dns_config_service_win.cc(668)] Failed to read DnsConfig.
[1209/110020.673:WARNING:dns_config_service_win.cc(668)] Failed to read DnsConfig.
[1209/110025.689:WARNING:dns_config_service_win.cc(668)] Failed to read DnsConfig.
[1209/110030.717:WARNING:dns_config_service_win.cc(668)] Failed to read DnsConfig.
[1209/110035.727:WARNING:dns_config_service_win.cc(668)] Failed to read DnsConfig.
[1209/110040.733:WARNING:dns_config_service_win.cc(668)] Failed to read DnsConfig.
[1209/110045.762:WARNING:dns_config_service_win.cc(668)] Failed to read DnsConfig.
[1209/110050.771:WARNING:dns_config_service_win.cc(668)] Failed to read DnsConfig.
[1209/110055.785:WARNING:dns_config_service_win.cc(668)] Failed to read DnsConfig.
[1209/110100.799:WARNING:dns_config_service_win.cc(668)] Failed to read DnsConfig.
[1209/110105.808:WARNING:dns_config_service_win.cc(668)] Failed to read DnsConfig.
[1209/110110.815:WARNING:dns_config_service_win.cc(668)] Failed to read DnsConfig.
[1209/110115.825:WARNING:dns_config_service_win.cc(668)] Failed to read DnsConfig.
[1209/110120.834:WARNING:dns_config_service_win.cc(668)] Failed to read DnsConfig.
[1209/110125.852:WARNING:dns_config_service_win.cc(668)] Failed to read DnsConfig.
[1209/110130.871:WARNING:dns_config_service_win.cc(668)] Failed to read DnsConfig.
[1209/110135.888:WARNING:dns_config_service_win.cc(668)] Failed to read DnsConfig.
[1209/110140.907:WARNING:dns_config_service_win.cc(668)] Failed to read DnsConfig.
[1209/110145.922:WARNING:dns_config_service_win.cc(668)] Failed to read DnsConfig.
[1209/110150.926:WARNING:dns_config_service_win.cc(668)] Failed to read DnsConfig.
[1209/110155.944:WARNING:dns_config_service_win.cc(668)] Failed to read DnsConfig.
[1209/110200.956:WARNING:dns_config_service_win.cc(668)] Failed to read DnsConfig.
[1209/110205.976:WARNING:dns_config_service_win.cc(668)] Failed to read DnsConfig.
[1209/110210.987:WARNING:dns_config_service_win.cc(668)] Failed to read DnsConfig.
[1209/110215.996:WARNING:dns_config_service_win.cc(668)] Failed to read DnsConfig.
[1209/110221.021:WARNING:dns_config_service_win.cc(668)] Failed to read DnsConfig.
[1209/110226.039:WARNING:dns_config_service_win.cc(668)] Failed to read DnsConfig.
[1209/110231.055:WARNING:dns_config_service_win.cc(668)] Failed to read DnsConfig.
[1209/110236.066:WARNING:dns_config_service_win.cc(668)] Failed to read DnsConfig.
[1209/110241.077:WARNING:dns_config_service_win.cc(668)] Failed to read DnsConfig.
[1209/110246.094:WARNING:dns_config_service_win.cc(668)] Failed to read DnsConfig.
[1209/110251.099:WARNING:dns_config_service_win.cc(668)] Failed to read DnsConfig.
[1209/110256.107:WARNING:dns_config_service_win.cc(668)] Failed to read DnsConfig.
[1209/110301.119:WARNING:dns_config_service_win.cc(668)] Failed to read DnsConfig.
[1209/110306.125:WARNING:dns_config_service_win.cc(668)] Failed to read DnsConfig.
[1209/110311.136:WARNING:dns_config_service_win.cc(668)] Failed to read DnsConfig.
[1209/110316.153:WARNING:dns_config_service_win.cc(668)] Failed to read DnsConfig.
[1209/110321.159:WARNING:dns_config_service_win.cc(668)] Failed to read DnsConfig.
[1209/110326.171:WARNING:dns_config_service_win.cc(668)] Failed to read DnsConfig.
[1209/110331.180:WARNING:dns_config_service_win.cc(668)] Failed to read DnsConfig.
[1209/110336.197:WARNING:dns_config_service_win.cc(668)] Failed to read DnsConfig.
[1209/110341.211:WARNING:dns_config_service_win.cc(668)] Failed to read DnsConfig.
[1209/110346.228:WARNING:dns_config_service_win.cc(668)] Failed to read DnsConfig.
[1209/110351.245:WARNING:dns_config_service_win.cc(668)] Failed to read DnsConfig.
[1209/110356.258:WARNING:dns_config_service_win.cc(668)] Failed to read DnsConfig.
[1209/110401.275:WARNING:dns_config_service_win.cc(668)] Failed to read DnsConfig.
[1209/110406.287:WARNING:dns_config_service_win.cc(668)] Failed to read DnsConfig.
[1209/110411.307:WARNING:dns_config_service_win.cc(668)] Failed to read DnsConfig.
[1209/110416.325:WARNING:dns_config_service_win.cc(668)] Failed to read DnsConfig.
[1209/110421.342:WARNING:dns_config_service_win.cc(668)] Failed to read DnsConfig.
[1209/110426.359:WARNING:dns_config_service_win.cc(668)] Failed to read DnsConfig.
[1209/110431.372:WARNING:dns_config_service_win.cc(668)] Failed to read DnsConfig.
[1209/110436.377:WARNING:dns_config_service_win.cc(668)] Failed to read DnsConfig.
[1209/110441.391:WARNING:dns_config_service_win.cc(668)] Failed to read DnsConfig.
[1209/110446.403:WARNING:dns_config_service_win.cc(668)] Failed to read DnsConfig.
[1209/110451.422:WARNING:dns_config_service_win.cc(668)] Failed to read DnsConfig.
[1209/110456.440:WARNING:dns_config_service_win.cc(668)] Failed to read DnsConfig.
[1209/110501.447:WARNING:dns_config_service_win.cc(668)] Failed to read DnsConfig.
[1209/110506.466:WARNING:dns_config_service_win.cc(668)] Failed to read DnsConfig.
[1209/110511.475:WARNING:dns_config_service_win.cc(668)] Failed to read DnsConfig.
[1209/110516.484:WARNING:dns_config_service_win.cc(668)] Failed to read DnsConfig.
[1209/110521.492:WARNING:dns_config_service_win.cc(668)] Failed to read DnsConfig.
[1209/110526.496:WARNING:dns_config_service_win.cc(668)] Failed to read DnsConfig.
[1209/110531.508:WARNING:dns_config_service_win.cc(668)] Failed to read DnsConfig.
[1209/110536.521:WARNING:dns_config_service_win.cc(668)] Failed to read DnsConfig.
[1209/110541.522:WARNING:dns_config_service_win.cc(668)] Failed to read DnsConfig.
[1209/110546.542:WARNING:dns_config_service_win.cc(668)] Failed to read DnsConfig.
[1209/110551.549:WARNING:dns_config_service_win.cc(668)] Failed to read DnsConfig.
[1209/110556.564:WARNING:dns_config_service_win.cc(668)] Failed to read DnsConfig.
[1209/110601.579:WARNING:dns_config_service_win.cc(668)] Failed to read DnsConfig.
[1209/110606.587:WARNING:dns_config_service_win.cc(668)] Failed to read DnsConfig.
[1209/110611.601:WARNING:dns_config_service_win.cc(668)] Failed to read DnsConfig.
[1209/110616.606:WARNING:dns_config_service_win.cc(668)] Failed to read DnsConfig.
[1209/110621.619:WARNING:dns_config_service_win.cc(668)] Failed to read DnsConfig.
[1209/110626.635:WARNING:dns_config_service_win.cc(668)] Failed to read DnsConfig.
[1209/110631.650:WARNING:dns_config_service_win.cc(668)] Failed to read DnsConfig.
[1209/110636.661:WARNING:dns_config_service_win.cc(668)] Failed to read DnsConfig.
[1209/110641.681:WARNING:dns_config_service_win.cc(668)] Failed to read DnsConfig.
[1209/110646.696:WARNING:dns_config_service_win.cc(668)] Failed to read DnsConfig.
[1209/110651.712:WARNING:dns_config_service_win.cc(668)] Failed to read DnsConfig.
[1209/110656.722:WARNING:dns_config_service_win.cc(668)] Failed to read DnsConfig.
[1209/110701.747:WARNING:dns_config_service_win.cc(668)] Failed to read DnsConfig.
[1209/110706.756:WARNING:dns_config_service_win.cc(668)] Failed to read DnsConfig.
[1209/110711.771:WARNING:dns_config_service_win.cc(668)] Failed to read DnsConfig.
[1209/110716.790:WARNING:dns_config_service_win.cc(668)] Failed to read DnsConfig.
[1209/110721.804:WARNING:dns_config_service_win.cc(668)] Failed to read DnsConfig.
[1209/110726.821:WARNING:dns_config_service_win.cc(668)] Failed to read DnsConfig.
[1209/110731.836:WARNING:dns_config_service_win.cc(668)] Failed to read DnsConfig.
[1209/110736.846:WARNING:dns_config_service_win.cc(668)] Failed to read DnsConfig.
[1209/110741.851:WARNING:dns_config_service_win.cc(668)] Failed to read DnsConfig.
[1209/110746.870:WARNING:dns_config_service_win.cc(668)] Failed to read DnsConfig.
[1209/110751.875:WARNING:dns_config_service_win.cc(668)] Failed to read DnsConfig.
[1209/110756.892:WARNING:dns_config_service_win.cc(668)] Failed to read DnsConfig.
[1209/110801.911:WARNING:dns_config_service_win.cc(668)] Failed to read DnsConfig.
[1209/110806.919:WARNING:dns_config_service_win.cc(668)] Failed to read DnsConfig.
[1209/110811.924:WARNING:dns_config_service_win.cc(668)] Failed to read DnsConfig.
[1209/110816.936:WARNING:dns_config_service_win.cc(668)] Failed to read DnsConfig.
[1209/110821.958:WARNING:dns_config_service_win.cc(668)] Failed to read DnsConfig.
[1209/110826.973:WARNING:dns_config_service_win.cc(668)] Failed to read DnsConfig.
[1209/110831.984:WARNING:dns_config_service_win.cc(668)] Failed to read DnsConfig.
[1209/110837.003:WARNING:dns_config_service_win.cc(668)] Failed to read DnsConfig.
[1209/110842.017:WARNING:dns_config_service_win.cc(668)] Failed to read DnsConfig.
[1209/110847.038:WARNING:dns_config_service_win.cc(668)] Failed to read DnsConfig.
[1209/110852.049:WARNING:dns_config_service_win.cc(668)] Failed to read DnsConfig.
[1209/110857.067:WARNING:dns_config_service_win.cc(668)] Failed to read DnsConfig.
[1209/110902.070:WARNING:dns_config_service_win.cc(668)] Failed to read DnsConfig.
[1209/110907.084:WARNING:dns_config_service_win.cc(668)] Failed to read DnsConfig.
[1209/110912.094:WARNING:dns_config_service_win.cc(668)] Failed to read DnsConfig.
[1209/110917.119:WARNING:dns_config_service_win.cc(668)] Failed to read DnsConfig.
[1209/110922.123:WARNING:dns_config_service_win.cc(668)] Failed to read DnsConfig.
[1209/110927.130:WARNING:dns_config_service_win.cc(668)] Failed to read DnsConfig.
[1209/110932.141:WARNING:dns_config_service_win.cc(668)] Failed to read DnsConfig.
[1209/110937.153:WARNING:dns_config_service_win.cc(668)] Failed to read DnsConfig.
[1209/110942.165:WARNING:dns_config_service_win.cc(668)] Failed to read DnsConfig.
[1209/110947.178:WARNING:dns_config_service_win.cc(668)] Failed to read DnsConfig.
[1209/110952.197:WARNING:dns_config_service_win.cc(668)] Failed to read DnsConfig.
[1209/110957.211:WARNING:dns_config_service_win.cc(668)] Failed to read DnsConfig.
[1209/111002.222:WARNING:dns_config_service_win.cc(668)] Failed to read DnsConfig.
[1209/111007.231:WARNING:dns_config_service_win.cc(668)] Failed to read DnsConfig.
[1209/111012.247:WARNING:dns_config_service_win.cc(668)] Failed to read DnsConfig.
[1209/111017.263:WARNING:dns_config_service_win.cc(668)] Failed to read DnsConfig.
[1209/111022.284:WARNING:dns_config_service_win.cc(668)] Failed to read DnsConfig.
[1209/111027.291:WARNING:dns_config_service_win.cc(668)] Failed to read DnsConfig.
[1209/111032.308:WARNING:dns_config_service_win.cc(668)] Failed to read DnsConfig.
[1209/111037.314:WARNING:dns_config_service_win.cc(668)] Failed to read DnsConfig.
[1209/111042.326:WARNING:dns_config_service_win.cc(668)] Failed to read DnsConfig.
[1209/111047.334:WARNING:dns_config_service_win.cc(668)] Failed to read DnsConfig.
[1209/111052.341:WARNING:dns_config_service_win.cc(668)] Failed to read DnsConfig.
[1209/111057.356:WARNING:dns_config_service_win.cc(668)] Failed to read DnsConfig.
[1209/111102.370:WARNING:dns_config_service_win.cc(668)] Failed to read DnsConfig.
[1209/111107.378:WARNING:dns_config_service_win.cc(668)] Failed to read DnsConfig.
[1209/111112.396:WARNING:dns_config_service_win.cc(668)] Failed to read DnsConfig.
[1209/111117.398:WARNING:dns_config_service_win.cc(668)] Failed to read DnsConfig.
[1209/111122.405:WARNING:dns_config_service_win.cc(668)] Failed to read DnsConfig.
[1209/111127.422:WARNING:dns_config_service_win.cc(668)] Failed to read DnsConfig.
[1209/111132.438:WARNING:dns_config_service_win.cc(668)] Failed to read DnsConfig.
[1209/111137.443:WARNING:dns_config_service_win.cc(668)] Failed to read DnsConfig.
[1209/111142.455:WARNING:dns_config_service_win.cc(668)] Failed to read DnsConfig.
[1209/111147.466:WARNING:dns_config_service_win.cc(668)] Failed to read DnsConfig.
[1209/111152.478:WARNING:dns_config_service_win.cc(668)] Failed to read DnsConfig.
[1209/111157.493:WARNING:dns_config_service_win.cc(668)] Failed to read DnsConfig.
[1209/111202.511:WARNING:dns_config_service_win.cc(668)] Failed to read DnsConfig.
[1209/111207.519:WARNING:dns_config_service_win.cc(668)] Failed to read DnsConfig.
[1209/111212.522:WARNING:dns_config_service_win.cc(668)] Failed to read DnsConfig.
[1209/111217.544:WARNING:dns_config_service_win.cc(668)] Failed to read DnsConfig.
[1209/111222.546:WARNING:dns_config_service_win.cc(668)] Failed to read DnsConfig.
[1209/111227.550:WARNING:dns_config_service_win.cc(668)] Failed to read DnsConfig.
[1209/111232.563:WARNING:dns_config_service_win.cc(668)] Failed to read DnsConfig.
[1209/111237.578:WARNING:dns_config_service_win.cc(668)] Failed to read DnsConfig.
[1209/111242.593:WARNING:dns_config_service_win.cc(668)] Failed to read DnsConfig.
[1209/111247.599:WARNING:dns_config_service_win.cc(668)] Failed to read DnsConfig.
[1209/111252.603:WARNING:dns_config_service_win.cc(668)] Failed to read DnsConfig.
[1209/111257.616:WARNING:dns_config_service_win.cc(668)] Failed to read DnsConfig.
[1209/111302.619:WARNING:dns_config_service_win.cc(668)] Failed to read DnsConfig.
[1209/111307.653:WARNING:dns_config_service_win.cc(668)] Failed to read DnsConfig.
[1209/111312.659:WARNING:dns_config_service_win.cc(668)] Failed to read DnsConfig.
[1209/111317.669:WARNING:dns_config_service_win.cc(668)] Failed to read DnsConfig.
[1209/111322.674:WARNING:dns_config_service_win.cc(668)] Failed to read DnsConfig.
[1209/111327.692:WARNING:dns_config_service_win.cc(668)] Failed to read DnsConfig.
[1209/111332.701:WARNING:dns_config_service_win.cc(668)] Failed to read DnsConfig.
[1209/111337.704:WARNING:dns_config_service_win.cc(668)] Failed to read DnsConfig.
[1209/111342.718:WARNING:dns_config_service_win.cc(668)] Failed to read DnsConfig.
[1209/111347.721:WARNING:dns_config_service_win.cc(668)] Failed to read DnsConfig.
[1209/111352.735:WARNING:dns_config_service_win.cc(668)] Failed to read DnsConfig.
[1209/111357.741:WARNING:dns_config_service_win.cc(668)] Failed to read DnsConfig.
[1209/111402.753:WARNING:dns_config_service_win.cc(668)] Failed to read DnsConfig.
[1209/111407.771:WARNING:dns_config_service_win.cc(668)] Failed to read DnsConfig.
[1209/111412.801:WARNING:dns_config_service_win.cc(668)] Failed to read DnsConfig.
[1209/111417.809:WARNING:dns_config_service_win.cc(668)] Failed to read DnsConfig.
[1209/111422.824:WARNING:dns_config_service_win.cc(668)] Failed to read DnsConfig.
[1209/111427.840:WARNING:dns_config_service_win.cc(668)] Failed to read DnsConfig.
[1209/111432.844:WARNING:dns_config_service_win.cc(668)] Failed to read DnsConfig.
[1209/111437.845:WARNING:dns_config_service_win.cc(668)] Failed to read DnsConfig.
[1209/111442.857:WARNING:dns_config_service_win.cc(668)] Failed to read DnsConfig.
[1209/111447.866:WARNING:dns_config_service_win.cc(668)] Failed to read DnsConfig.
[1209/111452.876:WARNING:dns_config_service_win.cc(668)] Failed to read DnsConfig.
[1209/111457.881:WARNING:dns_config_service_win.cc(668)] Failed to read DnsConfig.
[1209/111502.890:WARNING:dns_config_service_win.cc(668)] Failed to read DnsConfig.
[1209/111507.907:WARNING:dns_config_service_win.cc(668)] Failed to read DnsConfig.
[1209/111512.912:WARNING:dns_config_service_win.cc(668)] Failed to read DnsConfig.
[1209/111517.921:WARNING:dns_config_service_win.cc(668)] Failed to read DnsConfig.
[1209/111522.936:WARNING:dns_config_service_win.cc(668)] Failed to read DnsConfig.
[1209/111527.946:WARNING:dns_config_service_win.cc(668)] Failed to read DnsConfig.
[1209/111532.965:WARNING:dns_config_service_win.cc(668)] Failed to read DnsConfig.
[1209/111537.975:WARNING:dns_config_service_win.cc(668)] Failed to read DnsConfig.
[1209/111542.989:WARNING:dns_config_service_win.cc(668)] Failed to read DnsConfig.
[1209/111548.006:WARNING:dns_config_service_win.cc(668)] Failed to read DnsConfig.
[1209/111553.021:WARNING:dns_config_service_win.cc(668)] Failed to read DnsConfig.
[1209/111558.032:WARNING:dns_config_service_win.cc(668)] Failed to read DnsConfig.
[1209/111603.060:WARNING:dns_config_service_win.cc(668)] Failed to read DnsConfig.
[1209/111608.082:WARNING:dns_config_service_win.cc(668)] Failed to read DnsConfig.
[1209/111613.088:WARNING:dns_config_service_win.cc(668)] Failed to read DnsConfig.
[1209/111618.099:WARNING:dns_config_service_win.cc(668)] Failed to read DnsConfig.
[1209/111623.114:WARNING:dns_config_service_win.cc(668)] Failed to read DnsConfig.
[1209/111628.133:WARNING:dns_config_service_win.cc(668)] Failed to read DnsConfig.
[1209/111633.150:WARNING:dns_config_service_win.cc(668)] Failed to read DnsConfig.
[1209/111638.157:WARNING:dns_config_service_win.cc(668)] Failed to read DnsConfig.
[1209/111643.161:WARNING:dns_config_service_win.cc(668)] Failed to read DnsConfig.
[1209/111648.175:WARNING:dns_config_service_win.cc(668)] Failed to read DnsConfig.
[1209/111653.186:WARNING:dns_config_service_win.cc(668)] Failed to read DnsConfig.
[1209/111658.200:WARNING:dns_config_service_win.cc(668)] Failed to read DnsConfig.
[1209/111703.207:WARNING:dns_config_service_win.cc(668)] Failed to read DnsConfig.
[1209/111708.223:WARNING:dns_config_service_win.cc(668)] Failed to read DnsConfig.
[1209/111713.233:WARNING:dns_config_service_win.cc(668)] Failed to read DnsConfig.
[1209/111718.252:WARNING:dns_config_service_win.cc(668)] Failed to read DnsConfig.
[1209/111723.262:WARNING:dns_config_service_win.cc(668)] Failed to read DnsConfig.
[1209/111728.269:WARNING:dns_config_service_win.cc(668)] Failed to read DnsConfig.
[1209/111733.276:WARNING:dns_config_service_win.cc(668)] Failed to read DnsConfig.
[1209/111738.284:WARNING:dns_config_service_win.cc(668)] Failed to read DnsConfig.
[1209/111743.296:WARNING:dns_config_service_win.cc(668)] Failed to read DnsConfig.
[1209/111748.315:WARNING:dns_config_service_win.cc(668)] Failed to read DnsConfig.
[1209/111753.332:WARNING:dns_config_service_win.cc(668)] Failed to read DnsConfig.
[1209/111758.347:WARNING:dns_config_service_win.cc(668)] Failed to read DnsConfig.
[1209/111803.356:WARNING:dns_config_service_win.cc(668)] Failed to read DnsConfig.
[1209/111808.360:WARNING:dns_config_service_win.cc(668)] Failed to read DnsConfig.
[1209/111813.378:WARNING:dns_config_service_win.cc(668)] Failed to read DnsConfig.
[1209/111818.388:WARNING:dns_config_service_win.cc(668)] Failed to read DnsConfig.
[1209/111823.417:WARNING:dns_config_service_win.cc(668)] Failed to read DnsConfig.
[1209/111828.434:WARNING:dns_config_service_win.cc(668)] Failed to read DnsConfig.
[1209/111833.453:WARNING:dns_config_service_win.cc(668)] Failed to read DnsConfig.
[1209/111838.461:WARNING:dns_config_service_win.cc(668)] Failed to read DnsConfig.
[1209/111843.469:WARNING:dns_config_service_win.cc(668)] Failed to read DnsConfig.
[1209/111848.488:WARNING:dns_config_service_win.cc(668)] Failed to read DnsConfig.
[1209/111853.507:WARNING:dns_config_service_win.cc(668)] Failed to read DnsConfig.
[1209/111858.520:WARNING:dns_config_service_win.cc(668)] Failed to read DnsConfig.
[1209/111903.536:WARNING:dns_config_service_win.cc(668)] Failed to read DnsConfig.
[1209/111908.557:WARNING:dns_config_service_win.cc(668)] Failed to read DnsConfig.
[1209/111913.565:WARNING:dns_config_service_win.cc(668)] Failed to read DnsConfig.
[1209/111918.585:WARNING:dns_config_service_win.cc(668)] Failed to read DnsConfig.
[1209/111923.595:WARNING:dns_config_service_win.cc(668)] Failed to read DnsConfig.
[1209/111928.598:WARNING:dns_config_service_win.cc(668)] Failed to read DnsConfig.
[1209/111933.604:WARNING:dns_config_service_win.cc(668)] Failed to read DnsConfig.
[1209/111938.610:WARNING:dns_config_service_win.cc(668)] Failed to read DnsConfig.
[1209/111943.620:WARNING:dns_config_service_win.cc(668)] Failed to read DnsConfig.
[1209/111948.639:WARNING:dns_config_service_win.cc(668)] Failed to read DnsConfig.
[1209/111953.648:WARNING:dns_config_service_win.cc(668)] Failed to read DnsConfig.
[1209/111958.654:WARNING:dns_config_service_win.cc(668)] Failed to read DnsConfig.
[1209/112003.668:WARNING:dns_config_service_win.cc(668)] Failed to read DnsConfig.
[1209/112008.672:WARNING:dns_config_service_win.cc(668)] Failed to read DnsConfig.
[1209/112013.685:WARNING:dns_config_service_win.cc(668)] Failed to read DnsConfig.
[1209/112018.697:WARNING:dns_config_service_win.cc(668)] Failed to read DnsConfig.
[1209/112023.711:WARNING:dns_config_service_win.cc(668)] Failed to read DnsConfig.
[1209/112028.735:WARNING:dns_config_service_win.cc(668)] Failed to read DnsConfig.
[1209/112033.747:WARNING:dns_config_service_win.cc(668)] Failed to read DnsConfig.
[1209/112038.751:WARNING:dns_config_service_win.cc(668)] Failed to read DnsConfig.
[1209/112043.764:WARNING:dns_config_service_win.cc(668)] Failed to read DnsConfig.
[1209/112048.775:WARNING:dns_config_service_win.cc(668)] Failed to read DnsConfig.
[1209/112053.784:WARNING:dns_config_service_win.cc(668)] Failed to read DnsConfig.
[1209/112058.786:WARNING:dns_config_service_win.cc(668)] Failed to read DnsConfig.
[1209/112103.795:WARNING:dns_config_service_win.cc(668)] Failed to read DnsConfig.
[1209/112108.811:WARNING:dns_config_service_win.cc(668)] Failed to read DnsConfig.
[1209/112113.829:WARNING:dns_config_service_win.cc(668)] Failed to read DnsConfig.
[1209/112118.850:WARNING:dns_config_service_win.cc(668)] Failed to read DnsConfig.
[1209/112123.864:WARNING:dns_config_service_win.cc(668)] Failed to read DnsConfig.
[1209/112128.878:WARNING:dns_config_service_win.cc(668)] Failed to read DnsConfig.
[1209/112133.897:WARNING:dns_config_service_win.cc(668)] Failed to read DnsConfig.
[1209/112138.916:WARNING:dns_config_service_win.cc(668)] Failed to read DnsConfig.
[1209/112143.924:WARNING:dns_config_service_win.cc(668)] Failed to read DnsConfig.
[1209/112148.926:WARNING:dns_config_service_win.cc(668)] Failed to read DnsConfig.
[1209/112153.938:WARNING:dns_config_service_win.cc(668)] Failed to read DnsConfig.
[1209/112158.944:WARNING:dns_config_service_win.cc(668)] Failed to read DnsConfig.
[1209/112203.960:WARNING:dns_config_service_win.cc(668)] Failed to read DnsConfig.
[1209/112208.975:WARNING:dns_config_service_win.cc(668)] Failed to read DnsConfig.
[1209/112213.989:WARNING:dns_config_service_win.cc(668)] Failed to read DnsConfig.
[1209/112219.009:WARNING:dns_config_service_win.cc(668)] Failed to read DnsConfig.
[1209/112224.020:WARNING:dns_config_service_win.cc(668)] Failed to read DnsConfig.
[1209/112229.026:WARNING:dns_config_service_win.cc(668)] Failed to read DnsConfig.
[1209/112234.045:WARNING:dns_config_service_win.cc(668)] Failed to read DnsConfig.
[1209/112239.061:WARNING:dns_config_service_win.cc(668)] Failed to read DnsConfig.
[1209/112244.069:WARNING:dns_config_service_win.cc(668)] Failed to read DnsConfig.
[1209/112249.074:WARNING:dns_config_service_win.cc(668)] Failed to read DnsConfig.
[1209/112254.079:WARNING:dns_config_service_win.cc(668)] Failed to read DnsConfig.
[1209/112259.108:WARNING:dns_config_service_win.cc(668)] Failed to read DnsConfig.
[1209/112304.116:WARNING:dns_config_service_win.cc(668)] Failed to read DnsConfig.
[1209/112309.129:WARNING:dns_config_service_win.cc(668)] Failed to read DnsConfig.
[1209/112314.139:WARNING:dns_config_service_win.cc(668)] Failed to read DnsConfig.
[1209/112319.156:WARNING:dns_config_service_win.cc(668)] Failed to read DnsConfig.
[1209/112324.167:WARNING:dns_config_service_win.cc(668)] Failed to read DnsConfig.
[1209/112329.178:WARNING:dns_config_service_win.cc(668)] Failed to read DnsConfig.
[1209/112334.187:WARNING:dns_config_service_win.cc(668)] Failed to read DnsConfig.
[1209/112339.207:WARNING:dns_config_service_win.cc(668)] Failed to read DnsConfig.
[1209/112344.224:WARNING:dns_config_service_win.cc(668)] Failed to read DnsConfig.
[1209/112349.242:WARNING:dns_config_service_win.cc(668)] Failed to read DnsConfig.
[1209/112354.260:WARNING:dns_config_service_win.cc(668)] Failed to read DnsConfig.
[1209/112359.279:WARNING:dns_config_service_win.cc(668)] Failed to read DnsConfig.
[1209/112404.293:WARNING:dns_config_service_win.cc(668)] Failed to read DnsConfig.
[1209/112409.306:WARNING:dns_config_service_win.cc(668)] Failed to read DnsConfig.
[1209/112414.309:WARNING:dns_config_service_win.cc(668)] Failed to read DnsConfig.
[1209/112419.340:WARNING:dns_config_service_win.cc(668)] Failed to read DnsConfig.
[1209/112424.356:WARNING:dns_config_service_win.cc(668)] Failed to read DnsConfig.
[1209/112429.375:WARNING:dns_config_service_win.cc(668)] Failed to read DnsConfig.
[1209/112434.387:WARNING:dns_config_service_win.cc(668)] Failed to read DnsConfig.
[1209/112439.397:WARNING:dns_config_service_win.cc(668)] Failed to read DnsConfig.
[1209/112444.414:WARNING:dns_config_service_win.cc(668)] Failed to read DnsConfig.
[1209/112449.425:WARNING:dns_config_service_win.cc(668)] Failed to read DnsConfig.
[1209/112454.440:WARNING:dns_config_service_win.cc(668)] Failed to read DnsConfig.
[1209/112459.452:WARNING:dns_config_service_win.cc(668)] Failed to read DnsConfig.
[1209/112504.456:WARNING:dns_config_service_win.cc(668)] Failed to read DnsConfig.
[1209/112509.464:WARNING:dns_config_service_win.cc(668)] Failed to read DnsConfig.
[1209/112514.472:WARNING:dns_config_service_win.cc(668)] Failed to read DnsConfig.
[1209/112519.487:WARNING:dns_config_service_win.cc(668)] Failed to read DnsConfig.
[1209/112524.498:WARNING:dns_config_service_win.cc(668)] Failed to read DnsConfig.
[1209/112529.516:WARNING:dns_config_service_win.cc(668)] Failed to read DnsConfig.
[1209/112534.518:WARNING:dns_config_service_win.cc(668)] Failed to read DnsConfig.
[1209/112539.531:WARNING:dns_config_service_win.cc(668)] Failed to read DnsConfig.
[1209/112544.546:WARNING:dns_config_service_win.cc(668)] Failed to read DnsConfig.
[1209/112549.560:WARNING:dns_config_service_win.cc(668)] Failed to read DnsConfig.
[1209/112554.569:WARNING:dns_config_service_win.cc(668)] Failed to read DnsConfig.
[1209/112559.576:WARNING:dns_config_service_win.cc(668)] Failed to read DnsConfig.
[1209/112604.585:WARNING:dns_config_service_win.cc(668)] Failed to read DnsConfig.
[1209/112609.603:WARNING:dns_config_service_win.cc(668)] Failed to read DnsConfig.
[1209/112614.615:WARNING:dns_config_service_win.cc(668)] Failed to read DnsConfig.
[1209/112619.619:WARNING:dns_config_service_win.cc(668)] Failed to read DnsConfig.
[1209/112624.629:WARNING:dns_config_service_win.cc(668)] Failed to read DnsConfig.
[1209/112629.645:WARNING:dns_config_service_win.cc(668)] Failed to read DnsConfig.
[1209/112634.657:WARNING:dns_config_service_win.cc(668)] Failed to read DnsConfig.
[1209/112639.668:WARNING:dns_config_service_win.cc(668)] Failed to read DnsConfig.
[1209/112644.682:WARNING:dns_config_service_win.cc(668)] Failed to read DnsConfig.
[1209/112649.702:WARNING:dns_config_service_win.cc(668)] Failed to read DnsConfig.
[1209/112654.721:WARNING:dns_config_service_win.cc(668)] Failed to read DnsConfig.
[1209/112659.729:WARNING:dns_config_service_win.cc(668)] Failed to read DnsConfig.
[1209/112704.753:WARNING:dns_config_service_win.cc(668)] Failed to read DnsConfig.
[1209/112709.775:WARNING:dns_config_service_win.cc(668)] Failed to read DnsConfig.
[1209/112714.778:WARNING:dns_config_service_win.cc(668)] Failed to read DnsConfig.
[1209/112719.783:WARNING:dns_config_service_win.cc(668)] Failed to read DnsConfig.
[1209/112724.796:WARNING:dns_config_service_win.cc(668)] Failed to read DnsConfig.
[1209/112729.816:WARNING:dns_config_service_win.cc(668)] Failed to read DnsConfig.
[1209/112734.819:WARNING:dns_config_service_win.cc(668)] Failed to read DnsConfig.
[1209/112739.835:WARNING:dns_config_service_win.cc(668)] Failed to read DnsConfig.
[1209/112744.845:WARNING:dns_config_service_win.cc(668)] Failed to read DnsConfig.
[1209/112749.866:WARNING:dns_config_service_win.cc(668)] Failed to read DnsConfig.
[1209/112754.870:WARNING:dns_config_service_win.cc(668)] Failed to read DnsConfig.
[1209/112759.885:WARNING:dns_config_service_win.cc(668)] Failed to read DnsConfig.
[1209/112804.896:WARNING:dns_config_service_win.cc(668)] Failed to read DnsConfig.
[1209/112809.918:WARNING:dns_config_service_win.cc(668)] Failed to read DnsConfig.
[1209/112814.929:WARNING:dns_config_service_win.cc(668)] Failed to read DnsConfig.
[1209/112819.949:WARNING:dns_config_service_win.cc(668)] Failed to read DnsConfig.
[1209/112824.975:WARNING:dns_config_service_win.cc(668)] Failed to read DnsConfig.
[1209/112829.989:WARNING:dns_config_service_win.cc(668)] Failed to read DnsConfig.
[1209/112835.004:WARNING:dns_config_service_win.cc(668)] Failed to read DnsConfig.
[1209/112840.015:WARNING:dns_config_service_win.cc(668)] Failed to read DnsConfig.
[1209/112845.027:WARNING:dns_config_service_win.cc(668)] Failed to read DnsConfig.
[1209/112850.041:WARNING:dns_config_service_win.cc(668)] Failed to read DnsConfig.
[1209/112855.063:WARNING:dns_config_service_win.cc(668)] Failed to read DnsConfig.
[1209/112900.073:WARNING:dns_config_service_win.cc(668)] Failed to read DnsConfig.
[1209/112905.085:WARNING:dns_config_service_win.cc(668)] Failed to read DnsConfig.
[1209/112910.097:WARNING:dns_config_service_win.cc(668)] Failed to read DnsConfig.
[1209/112915.105:WARNING:dns_config_service_win.cc(668)] Failed to read DnsConfig.
[1209/112920.115:WARNING:dns_config_service_win.cc(668)] Failed to read DnsConfig.
[1209/112925.139:WARNING:dns_config_service_win.cc(668)] Failed to read DnsConfig.
[1209/112930.143:WARNING:dns_config_service_win.cc(668)] Failed to read DnsConfig.
[1209/112935.153:WARNING:dns_config_service_win.cc(668)] Failed to read DnsConfig.
[1209/112940.166:WARNING:dns_config_service_win.cc(668)] Failed to read DnsConfig.
[1209/112945.176:WARNING:dns_config_service_win.cc(668)] Failed to read DnsConfig.
[1209/112950.188:WARNING:dns_config_service_win.cc(668)] Failed to read DnsConfig.
[1209/112955.206:WARNING:dns_config_service_win.cc(668)] Failed to read DnsConfig.
[1209/113000.213:WARNING:dns_config_service_win.cc(668)] Failed to read DnsConfig.
[1209/113005.230:WARNING:dns_config_service_win.cc(668)] Failed to read DnsConfig.
[1209/113010.243:WARNING:dns_config_service_win.cc(668)] Failed to read DnsConfig.
[1209/113015.257:WARNING:dns_config_service_win.cc(668)] Failed to read DnsConfig.
[1209/113020.262:WARNING:dns_config_service_win.cc(668)] Failed to read DnsConfig.
[1209/113025.279:WARNING:dns_config_service_win.cc(668)] Failed to read DnsConfig.
[1209/113030.310:WARNING:dns_config_service_win.cc(668)] Failed to read DnsConfig.
[1209/113035.317:WARNING:dns_config_service_win.cc(668)] Failed to read DnsConfig.
[1209/113040.320:WARNING:dns_config_service_win.cc(668)] Failed to read DnsConfig.
[1209/113045.327:WARNING:dns_config_service_win.cc(668)] Failed to read DnsConfig.
[1209/113050.344:WARNING:dns_config_service_win.cc(668)] Failed to read DnsConfig.
[1209/113055.360:WARNING:dns_config_service_win.cc(668)] Failed to read DnsConfig.
[1209/113100.373:WARNING:dns_config_service_win.cc(668)] Failed to read DnsConfig.
[1209/113105.390:WARNING:dns_config_service_win.cc(668)] Failed to read DnsConfig.
[1209/113110.396:WARNING:dns_config_service_win.cc(668)] Failed to read DnsConfig.
[1209/113115.401:WARNING:dns_config_service_win.cc(668)] Failed to read DnsConfig.
[1209/113120.418:WARNING:dns_config_service_win.cc(668)] Failed to read DnsConfig.
[1209/113125.437:WARNING:dns_config_service_win.cc(668)] Failed to read DnsConfig.
[1209/113130.453:WARNING:dns_config_service_win.cc(668)] Failed to read DnsConfig.
[1209/113135.468:WARNING:dns_config_service_win.cc(668)] Failed to read DnsConfig.
[1209/113140.489:WARNING:dns_config_service_win.cc(668)] Failed to read DnsConfig.
[1209/113145.503:WARNING:dns_config_service_win.cc(668)] Failed to read DnsConfig.
[1209/113150.510:WARNING:dns_config_service_win.cc(668)] Failed to read DnsConfig.
[1209/113155.527:WARNING:dns_config_service_win.cc(668)] Failed to read DnsConfig.
[1209/113200.532:WARNING:dns_config_service_win.cc(668)] Failed to read DnsConfig.
[1209/113205.539:WARNING:dns_config_service_win.cc(668)] Failed to read DnsConfig.
[1209/113210.559:WARNING:dns_config_service_win.cc(668)] Failed to read DnsConfig.
[1209/113215.575:WARNING:dns_config_service_win.cc(668)] Failed to read DnsConfig.
[1209/113220.587:WARNING:dns_config_service_win.cc(668)] Failed to read DnsConfig.
[1209/113225.591:WARNING:dns_config_service_win.cc(668)] Failed to read DnsConfig.
[1209/113230.603:WARNING:dns_config_service_win.cc(668)] Failed to read DnsConfig.
[1209/113235.625:WARNING:dns_config_service_win.cc(668)] Failed to read DnsConfig.
[1209/113240.627:WARNING:dns_config_service_win.cc(668)] Failed to read DnsConfig.
[1209/113245.641:WARNING:dns_config_service_win.cc(668)] Failed to read DnsConfig.
[1209/113250.652:WARNING:dns_config_service_win.cc(668)] Failed to read DnsConfig.
[1209/113255.656:WARNING:dns_config_service_win.cc(668)] Failed to read DnsConfig.
[1209/113300.667:WARNING:dns_config_service_win.cc(668)] Failed to read DnsConfig.
[1209/113305.686:WARNING:dns_config_service_win.cc(668)] Failed to read DnsConfig.
[1209/113310.705:WARNING:dns_config_service_win.cc(668)] Failed to read DnsConfig.
[1209/113315.718:WARNING:dns_config_service_win.cc(668)] Failed to read DnsConfig.
[1209/113320.731:WARNING:dns_config_service_win.cc(668)] Failed to read DnsConfig.
[1209/113325.749:WARNING:dns_config_service_win.cc(668)] Failed to read DnsConfig.
[1209/113330.764:WARNING:dns_config_service_win.cc(668)] Failed to read DnsConfig.
[1209/113335.783:WARNING:dns_config_service_win.cc(668)] Failed to read DnsConfig.
[1209/113340.799:WARNING:dns_config_service_win.cc(668)] Failed to read DnsConfig.
[1209/113345.806:WARNING:dns_config_service_win.cc(668)] Failed to read DnsConfig.
[1209/113350.823:WARNING:dns_config_service_win.cc(668)] Failed to read DnsConfig.
[1209/113355.837:WARNING:dns_config_service_win.cc(668)] Failed to read DnsConfig.
[1209/113400.860:WARNING:dns_config_service_win.cc(668)] Failed to read DnsConfig.
[1209/113405.869:WARNING:dns_config_service_win.cc(668)] Failed to read DnsConfig.
[1209/113410.875:WARNING:dns_config_service_win.cc(668)] Failed to read DnsConfig.
[1209/113415.887:WARNING:dns_config_service_win.cc(668)] Failed to read DnsConfig.
[1209/113420.890:WARNING:dns_config_service_win.cc(668)] Failed to read DnsConfig.
[1209/113425.907:WARNING:dns_config_service_win.cc(668)] Failed to read DnsConfig.
[1209/113430.914:WARNING:dns_config_service_win.cc(668)] Failed to read DnsConfig.
[1209/113435.929:WARNING:dns_config_service_win.cc(668)] Failed to read DnsConfig.
[1209/113440.940:WARNING:dns_config_service_win.cc(668)] Failed to read DnsConfig.
[1209/113445.956:WARNING:dns_config_service_win.cc(668)] Failed to read DnsConfig.
[1209/113450.959:WARNING:dns_config_service_win.cc(668)] Failed to read DnsConfig.
[1209/113455.971:WARNING:dns_config_service_win.cc(668)] Failed to read DnsConfig.
[1209/113500.983:WARNING:dns_config_service_win.cc(668)] Failed to read DnsConfig.
[1209/113505.987:WARNING:dns_config_service_win.cc(668)] Failed to read DnsConfig.
[1209/113510.997:WARNING:dns_config_service_win.cc(668)] Failed to read DnsConfig.
[1209/113516.000:WARNING:dns_config_service_win.cc(668)] Failed to read DnsConfig.
[1209/113521.013:WARNING:dns_config_service_win.cc(668)] Failed to read DnsConfig.
[1209/113526.029:WARNING:dns_config_service_win.cc(668)] Failed to read DnsConfig.
[1209/113531.047:WARNING:dns_config_service_win.cc(668)] Failed to read DnsConfig.
[1209/113536.055:WARNING:dns_config_service_win.cc(668)] Failed to read DnsConfig.
[1209/113541.067:WARNING:dns_config_service_win.cc(668)] Failed to read DnsConfig.
[1209/113546.071:WARNING:dns_config_service_win.cc(668)] Failed to read DnsConfig.
[1209/113551.078:WARNING:dns_config_service_win.cc(668)] Failed to read DnsConfig.
[1209/113556.085:WARNING:dns_config_service_win.cc(668)] Failed to read DnsConfig.
[1209/113601.094:WARNING:dns_config_service_win.cc(668)] Failed to read DnsConfig.
[1209/113606.102:WARNING:dns_config_service_win.cc(668)] Failed to read DnsConfig.
[1209/113611.119:WARNING:dns_config_service_win.cc(668)] Failed to read DnsConfig.
[1209/113616.129:WARNING:dns_config_service_win.cc(668)] Failed to read DnsConfig.
[1209/113621.136:WARNING:dns_config_service_win.cc(668)] Failed to read DnsConfig.
[1209/113626.142:WARNING:dns_config_service_win.cc(668)] Failed to read DnsConfig.
[1209/113631.157:WARNING:dns_config_service_win.cc(668)] Failed to read DnsConfig.
[1209/113636.164:WARNING:dns_config_service_win.cc(668)] Failed to read DnsConfig.
[1209/113641.181:WARNING:dns_config_service_win.cc(668)] Failed to read DnsConfig.
[1209/113646.197:WARNING:dns_config_service_win.cc(668)] Failed to read DnsConfig.
[1209/113651.206:WARNING:dns_config_service_win.cc(668)] Failed to read DnsConfig.
[1209/113656.218:WARNING:dns_config_service_win.cc(668)] Failed to read DnsConfig.
[1209/113701.229:WARNING:dns_config_service_win.cc(668)] Failed to read DnsConfig.
[1209/113706.232:WARNING:dns_config_service_win.cc(668)] Failed to read DnsConfig.
[1209/113711.241:WARNING:dns_config_service_win.cc(668)] Failed to read DnsConfig.
[1209/113716.252:WARNING:dns_config_service_win.cc(668)] Failed to read DnsConfig.
[1209/113721.267:WARNING:dns_config_service_win.cc(668)] Failed to read DnsConfig.
[1209/113726.284:WARNING:dns_config_service_win.cc(668)] Failed to read DnsConfig.
[1209/113731.289:WARNING:dns_config_service_win.cc(668)] Failed to read DnsConfig.
[1209/113736.294:WARNING:dns_config_service_win.cc(668)] Failed to read DnsConfig.
[1209/113741.304:WARNING:dns_config_service_win.cc(668)] Failed to read DnsConfig.
[1209/113746.323:WARNING:dns_config_service_win.cc(668)] Failed to read DnsConfig.
[1209/113751.346:WARNING:dns_config_service_win.cc(668)] Failed to read DnsConfig.
[1209/113756.362:WARNING:dns_config_service_win.cc(668)] Failed to read DnsConfig.
[1209/113801.380:WARNING:dns_config_service_win.cc(668)] Failed to read DnsConfig.
[1209/113806.393:WARNING:dns_config_service_win.cc(668)] Failed to read DnsConfig.
[1209/113811.407:WARNING:dns_config_service_win.cc(668)] Failed to read DnsConfig.
[1209/113816.413:WARNING:dns_config_service_win.cc(668)] Failed to read DnsConfig.
[1209/113821.419:WARNING:dns_config_service_win.cc(668)] Failed to read DnsConfig.
[1209/113826.424:WARNING:dns_config_service_win.cc(668)] Failed to read DnsConfig.
[1209/113831.449:WARNING:dns_config_service_win.cc(668)] Failed to read DnsConfig.
[1209/113836.458:WARNING:dns_config_service_win.cc(668)] Failed to read DnsConfig.
[1209/113841.483:WARNING:dns_config_service_win.cc(668)] Failed to read DnsConfig.
[1209/113846.489:WARNING:dns_config_service_win.cc(668)] Failed to read DnsConfig.
[1209/113851.505:WARNING:dns_config_service_win.cc(668)] Failed to read DnsConfig.
[1209/113856.512:WARNING:dns_config_service_win.cc(668)] Failed to read DnsConfig.
[1209/113901.531:WARNING:dns_config_service_win.cc(668)] Failed to read DnsConfig.
[1209/113906.550:WARNING:dns_config_service_win.cc(668)] Failed to read DnsConfig.
[1209/113911.561:WARNING:dns_config_service_win.cc(668)] Failed to read DnsConfig.
[1209/120009.382:WARNING:angle_platform_impl.cc(52)] compileToBinary(230): 
C:\fakepath(69,8-58): warning X3571: pow(f, e) will not work for negative f, use abs(f) or conditionally handle negative values if you expect them
C:\fakepath(77,9-43): warning X3571: pow(f, e) will not work for negative f, use abs(f) or conditionally handle negative values if you expect them

[1209/120422.517:ERROR:mf_helpers.cc(14)] Error in dxva_video_decode_accelerator_win.cc on line 1612
[1209/120422.517:ERROR:mf_helpers.cc(14)] Error in dxva_video_decode_accelerator_win.cc on line 842
[1209/120425.002:ERROR:mf_helpers.cc(14)] Error in dxva_video_decode_accelerator_win.cc on line 1612
[1209/120425.002:ERROR:mf_helpers.cc(14)] Error in dxva_video_decode_accelerator_win.cc on line 842
[1212/195021.015:ERROR:media_internals.cc(112)] Cannot get RenderProcessHost
